<?xml version="1.0" encoding="UTF-8" ?>
<testsuites name="vitest tests" tests="42" failures="0" errors="0" time="0.437690248">
    <testsuite name="src/pages/__tests__/gyms-page.test.tsx" timestamp="2026-03-02T21:56:23.417Z" hostname="Mac.home" tests="5" failures="0" errors="0" skipped="0" time="0.079712916">
        <testcase classname="src/pages/__tests__/gyms-page.test.tsx" name="GymsPage Component &gt; When in loading state &gt; should render the loading state via ContentRenderer" time="0.01378425">
        </testcase>
        <testcase classname="src/pages/__tests__/gyms-page.test.tsx" name="GymsPage Component &gt; When data is successfully loaded &gt; should pass correct props to header, list, and pagination" time="0.002232708">
        </testcase>
        <testcase classname="src/pages/__tests__/gyms-page.test.tsx" name="GymsPage Component &gt; When an error occurs &gt; should render the error state via ContentRenderer" time="0.0013465">
        </testcase>
        <testcase classname="src/pages/__tests__/gyms-page.test.tsx" name="GymsPage Component &gt; User Interactions &gt; should call updateFilters when the county filter is changed" time="0.04933">
        </testcase>
        <testcase classname="src/pages/__tests__/gyms-page.test.tsx" name="GymsPage Component &gt; User Interactions &gt; should call handlePageChange when pagination is used" time="0.012289459">
        </testcase>
    </testsuite>
    <testsuite name="src/features/gyms/components/__tests__/gym-card.test.tsx" timestamp="2026-03-02T21:56:23.417Z" hostname="Mac.home" tests="5" failures="0" errors="0" skipped="0" time="0.073115666">
        <testcase classname="src/features/gyms/components/__tests__/gym-card.test.tsx" name="GymCard Component &gt; Positive Scenarios &gt; should render all sections with correct content for a full gym object" time="0.053475625">
        </testcase>
        <testcase classname="src/features/gyms/components/__tests__/gym-card.test.tsx" name="GymCard Component &gt; Negative Scenarios &gt; should render correctly with minimal gym data and hide optional sections" time="0.005555">
        </testcase>
        <testcase classname="src/features/gyms/components/__tests__/gym-card.test.tsx" name="GymCard Component &gt; Edge Cases &gt; should disable the website link if the website URL is missing" time="0.007430208">
        </testcase>
        <testcase classname="src/features/gyms/components/__tests__/gym-card.test.tsx" name="GymCard Component &gt; Edge Cases &gt; should correctly display a non-active status like &quot;Pending Approval&quot;" time="0.002041208">
        </testcase>
        <testcase classname="src/features/gyms/components/__tests__/gym-card.test.tsx" name="GymCard Component &gt; Edge Cases &gt; should render without an affiliation section if affiliation data is missing" time="0.003854417">
        </testcase>
    </testsuite>
    <testsuite name="src/features/gyms/components/__tests__/gym-details.test.tsx" timestamp="2026-03-02T21:56:23.418Z" hostname="Mac.home" tests="2" failures="0" errors="0" skipped="0" time="0.052068042">
        <testcase classname="src/features/gyms/components/__tests__/gym-details.test.tsx" name="GymDetails &gt; renders links and metadata for full gym details" time="0.047748792">
        </testcase>
        <testcase classname="src/features/gyms/components/__tests__/gym-details.test.tsx" name="GymDetails &gt; hides optional sections when data is missing" time="0.003409708">
        </testcase>
    </testsuite>
    <testsuite name="src/features/gyms/components/__tests__/gym-footer.test.tsx" timestamp="2026-03-02T21:56:23.418Z" hostname="Mac.home" tests="5" failures="0" errors="0" skipped="0" time="0.046056542">
        <testcase classname="src/features/gyms/components/__tests__/gym-footer.test.tsx" name="GymFooter Component &gt; When Website is Unavailable &gt; should render a disabled button when websiteUrl is &apos;undefined&apos;" time="0.035091958">
        </testcase>
        <testcase classname="src/features/gyms/components/__tests__/gym-footer.test.tsx" name="GymFooter Component &gt; When Website is Unavailable &gt; should render a disabled button when websiteUrl is &apos;an empty string&apos;" time="0.002919333">
        </testcase>
        <testcase classname="src/features/gyms/components/__tests__/gym-footer.test.tsx" name="GymFooter Component &gt; When Website is Unavailable &gt; should render a disabled button when websiteUrl is &apos;only whitespace&apos;" time="0.002492542">
        </testcase>
        <testcase classname="src/features/gyms/components/__tests__/gym-footer.test.tsx" name="GymFooter Component &gt; When Website is Available &gt; should render an active link with all correct attributes" time="0.002748834">
        </testcase>
        <testcase classname="src/features/gyms/components/__tests__/gym-footer.test.tsx" name="GymFooter Component &gt; Edge Cases &gt; should use a fallback in the aria-label if gymName is empty" time="0.002139708">
        </testcase>
    </testsuite>
    <testsuite name="src/features/gyms/components/__tests__/gym-header.test.tsx" timestamp="2026-03-02T21:56:23.419Z" hostname="Mac.home" tests="4" failures="0" errors="0" skipped="0" time="0.048285375">
        <testcase classname="src/features/gyms/components/__tests__/gym-header.test.tsx" name="GymHeader Component &gt; Display Logic &gt; should render the name, county, and status correctly" time="0.039416791">
        </testcase>
        <testcase classname="src/features/gyms/components/__tests__/gym-header.test.tsx" name="GymHeader Component &gt; Image Rendering &gt; should render the image with correct alt text and src when imageUrl is provided" time="0.003802583">
        </testcase>
        <testcase classname="src/features/gyms/components/__tests__/gym-header.test.tsx" name="GymHeader Component &gt; Image Rendering &gt; should not render an image if imageUrl is not provided" time="0.001138">
        </testcase>
        <testcase classname="src/features/gyms/components/__tests__/gym-header.test.tsx" name="GymHeader Component &gt; Edge Cases &gt; should handle an empty name gracefully with a fallback" time="0.003033166">
        </testcase>
    </testsuite>
    <testsuite name="src/features/gyms/components/__tests__/gym-list.test.tsx" timestamp="2026-03-02T21:56:23.419Z" hostname="Mac.home" tests="2" failures="0" errors="0" skipped="0" time="0.050736916">
        <testcase classname="src/features/gyms/components/__tests__/gym-list.test.tsx" name="GymsList Component &gt; Data Display &gt; should render the correct number of GymCard components" time="0.02111875">
        </testcase>
        <testcase classname="src/features/gyms/components/__tests__/gym-list.test.tsx" name="GymsList Component &gt; Data Display &gt; should pass the correct data down to each GymCard" time="0.028944708">
        </testcase>
    </testsuite>
    <testsuite name="src/features/gyms/components/__tests__/gym-offered-classes.test.tsx" timestamp="2026-03-02T21:56:23.419Z" hostname="Mac.home" tests="4" failures="0" errors="0" skipped="0" time="0.017252292">
        <testcase classname="src/features/gyms/components/__tests__/gym-offered-classes.test.tsx" name="GymOfferedClasses Component &gt; Rendering Logic &gt; should render nothing if the classes array is undefined" time="0.005978625">
        </testcase>
        <testcase classname="src/features/gyms/components/__tests__/gym-offered-classes.test.tsx" name="GymOfferedClasses Component &gt; Rendering Logic &gt; should render nothing if the classes array is empty" time="0.000651">
        </testcase>
        <testcase classname="src/features/gyms/components/__tests__/gym-offered-classes.test.tsx" name="GymOfferedClasses Component &gt; Content and Accessibility &gt; should render the correct labels for a given list of classes" time="0.008604416">
        </testcase>
        <testcase classname="src/features/gyms/components/__tests__/gym-offered-classes.test.tsx" name="GymOfferedClasses Component &gt; Content and Accessibility &gt; should not render a label for a class that is not provided" time="0.001337041">
        </testcase>
    </testsuite>
    <testsuite name="src/features/gyms/components/__tests__/gym-page-header.test.tsx" timestamp="2026-03-02T21:56:23.419Z" hostname="Mac.home" tests="9" failures="0" errors="0" skipped="0" time="0.049434458">
        <testcase classname="src/features/gyms/components/__tests__/gym-page-header.test.tsx" name="GymsPageHeader Component &gt; Title Rendering &gt; should render the default title when no countyName is provided" time="0.033729625">
        </testcase>
        <testcase classname="src/features/gyms/components/__tests__/gym-page-header.test.tsx" name="GymsPageHeader Component &gt; Title Rendering &gt; should render the default title if countyName is &quot;all&quot;" time="0.004580375">
        </testcase>
        <testcase classname="src/features/gyms/components/__tests__/gym-page-header.test.tsx" name="GymsPageHeader Component &gt; Title Rendering &gt; should render the default title if countyName is &quot;All&quot; (case-insensitive)" time="0.003870167">
        </testcase>
        <testcase classname="src/features/gyms/components/__tests__/gym-page-header.test.tsx" name="GymsPageHeader Component &gt; Title Rendering &gt; should render a county-specific title when a countyName is provided" time="0.002135333">
        </testcase>
        <testcase classname="src/features/gyms/components/__tests__/gym-page-header.test.tsx" name="GymsPageHeader Component &gt; Total Count Display &gt; should not render the total count element if totalGyms is undefined" time="0.001065791">
        </testcase>
        <testcase classname="src/features/gyms/components/__tests__/gym-page-header.test.tsx" name="GymsPageHeader Component &gt; Total Count Display &gt; should not render the total count element if totalGyms is 0" time="0.000632791">
        </testcase>
        <testcase classname="src/features/gyms/components/__tests__/gym-page-header.test.tsx" name="GymsPageHeader Component &gt; Total Count Display &gt; should render the correct singular text for a single gym" time="0.001117083">
        </testcase>
        <testcase classname="src/features/gyms/components/__tests__/gym-page-header.test.tsx" name="GymsPageHeader Component &gt; Total Count Display &gt; should render the correct plural text for multiple gyms" time="0.000715416">
        </testcase>
        <testcase classname="src/features/gyms/components/__tests__/gym-page-header.test.tsx" name="GymsPageHeader Component &gt; Data Attributes &gt; should apply a custom data-testid to the root element if provided" time="0.000516875">
        </testcase>
    </testsuite>
    <testsuite name="src/features/gyms/components/__tests__/gym-trial-offer.test.tsx" timestamp="2026-03-02T21:56:23.420Z" hostname="Mac.home" tests="6" failures="0" errors="0" skipped="0" time="0.021028041">
        <testcase classname="src/features/gyms/components/__tests__/gym-trial-offer.test.tsx" name="GymTrialOffer Component &gt; Rendering Logic &gt; should render nothing if the trialOffer prop is undefined" time="0.00660375">
        </testcase>
        <testcase classname="src/features/gyms/components/__tests__/gym-trial-offer.test.tsx" name="GymTrialOffer Component &gt; Rendering Logic &gt; should render nothing if the trial is not available" time="0.000682708">
        </testcase>
        <testcase classname="src/features/gyms/components/__tests__/gym-trial-offer.test.tsx" name="GymTrialOffer Component &gt; Content and Accessibility &gt; should display the correct text and aria-label for multiple free classes" time="0.008994709">
        </testcase>
        <testcase classname="src/features/gyms/components/__tests__/gym-trial-offer.test.tsx" name="GymTrialOffer Component &gt; Content and Accessibility &gt; should handle singular text for one free class" time="0.0014125">
        </testcase>
        <testcase classname="src/features/gyms/components/__tests__/gym-trial-offer.test.tsx" name="GymTrialOffer Component &gt; Content and Accessibility &gt; should display combined text and aria-label for free days and notes" time="0.001071833">
        </testcase>
        <testcase classname="src/features/gyms/components/__tests__/gym-trial-offer.test.tsx" name="GymTrialOffer Component &gt; Content and Accessibility &gt; should display a fallback message and aria-label if trial has no details" time="0.00080125">
        </testcase>
    </testsuite>
</testsuites>
